{"timestamp":"2025-09-14T13:26:10.847Z","level":"INFO","message":"Attempting to connect to MongoDB","meta":{"uri":"mongodb+srv://***:***@codecritic.2svh2uj.mongodb.net/code_reviewer_db?retryWrites=true&w=majority&appName=codecritic","database":"code_reviewer_db"},"pid":19588}
{"timestamp":"2025-09-14T13:26:10.871Z","level":"INFO","message":"CodeCritic AI Application Starting","meta":{"nodeVersion":"v22.19.0","platform":"win32","environment":"development"},"pid":19588}
{"timestamp":"2025-09-14T13:26:11.916Z","level":"SUCCESS","message":"MongoDB Connected Successfully","meta":{"database":"code_reviewer_db","host":"ac-jzvw79i-shard-00-01.2svh2uj.mongodb.net","port":27017},"pid":19588}
{"timestamp":"2025-09-14T13:28:34.270Z","level":"INFO","message":"Incoming request to GET /","meta":{"method":"GET","endpoint":"GET /","ip":"::1","userAgent":"Mozilla/5.0 (Windows NT 10.0; Win64; x64) AppleWebKit/537.36 (KHTML, like Gecko) Chrome/140.0.0.0 Safari/537.36","contentLength":0,"sessionId":"none"},"pid":19588}
{"timestamp":"2025-09-14T13:28:34.280Z","level":"INFO","message":"Root endpoint accessed","meta":{"ip":"::1"},"pid":19588}
{"timestamp":"2025-09-14T13:28:34.282Z","level":"INFO","message":"Request completed for GET /","meta":{"method":"GET","endpoint":"GET /","ip":"::1","statusCode":200,"duration":"11ms","sessionId":"none"},"pid":19588}
{"timestamp":"2025-09-14T13:28:34.296Z","level":"INFO","message":"Request completed for GET /","meta":{"method":"GET","endpoint":"GET /","ip":"::1","statusCode":200,"duration":"25ms","sessionId":"none"},"pid":19588}
{"timestamp":"2025-09-14T13:28:34.359Z","level":"INFO","message":"Incoming request to GET /favicon.ico","meta":{"method":"GET","endpoint":"GET /favicon.ico","ip":"::1","userAgent":"Mozilla/5.0 (Windows NT 10.0; Win64; x64) AppleWebKit/537.36 (KHTML, like Gecko) Chrome/140.0.0.0 Safari/537.36","contentLength":0,"sessionId":"none"},"pid":19588}
{"timestamp":"2025-09-14T13:28:34.368Z","level":"INFO","message":"Request completed for GET /favicon.ico","meta":{"method":"GET","endpoint":"GET /favicon.ico","ip":"::1","statusCode":404,"duration":"9ms","sessionId":"none"},"pid":19588}
{"timestamp":"2025-09-14T13:29:02.507Z","level":"INFO","message":"Attempting to connect to MongoDB","meta":{"uri":"mongodb+srv://***:***@codecritic.2svh2uj.mongodb.net/code_reviewer_db?retryWrites=true&w=majority&appName=codecritic","database":"code_reviewer_db"},"pid":20472}
{"timestamp":"2025-09-14T13:29:02.527Z","level":"INFO","message":"CodeCritic AI Application Starting","meta":{"nodeVersion":"v22.19.0","platform":"win32","environment":"development"},"pid":20472}
{"timestamp":"2025-09-14T13:29:02.540Z","level":"SUCCESS","message":"Server is running on port 8000","meta":{"port":8000,"environment":"development","timestamp":"2025-09-14T13:29:02.540Z"},"pid":20472}
{"timestamp":"2025-09-14T13:29:03.614Z","level":"SUCCESS","message":"MongoDB Connected Successfully","meta":{"database":"code_reviewer_db","host":"ac-jzvw79i-shard-00-00.2svh2uj.mongodb.net","port":27017},"pid":20472}
{"timestamp":"2025-09-14T13:29:24.371Z","level":"INFO","message":"Incoming request to GET /","meta":{"method":"GET","endpoint":"GET /","ip":"::1","userAgent":"Mozilla/5.0 (Windows NT 10.0; Win64; x64) AppleWebKit/537.36 (KHTML, like Gecko) Chrome/140.0.0.0 Safari/537.36","contentLength":0,"sessionId":"none"},"pid":20472}
{"timestamp":"2025-09-14T13:29:24.381Z","level":"INFO","message":"Root endpoint accessed","meta":{"ip":"::1"},"pid":20472}
{"timestamp":"2025-09-14T13:29:24.383Z","level":"INFO","message":"Request completed for GET /","meta":{"method":"GET","endpoint":"GET /","ip":"::1","statusCode":200,"duration":"13ms","sessionId":"none"},"pid":20472}
{"timestamp":"2025-09-14T13:29:24.394Z","level":"INFO","message":"Request completed for GET /","meta":{"method":"GET","endpoint":"GET /","ip":"::1","statusCode":200,"duration":"23ms","sessionId":"none"},"pid":20472}
{"timestamp":"2025-09-14T13:29:24.467Z","level":"INFO","message":"Incoming request to GET /favicon.ico","meta":{"method":"GET","endpoint":"GET /favicon.ico","ip":"::1","userAgent":"Mozilla/5.0 (Windows NT 10.0; Win64; x64) AppleWebKit/537.36 (KHTML, like Gecko) Chrome/140.0.0.0 Safari/537.36","contentLength":0,"sessionId":"none"},"pid":20472}
{"timestamp":"2025-09-14T13:29:24.475Z","level":"INFO","message":"Request completed for GET /favicon.ico","meta":{"method":"GET","endpoint":"GET /favicon.ico","ip":"::1","statusCode":404,"duration":"8ms","sessionId":"none"},"pid":20472}
{"timestamp":"2025-09-14T13:29:28.241Z","level":"INFO","message":"Incoming request to POST /ai/get-response","meta":{"method":"POST","endpoint":"POST /ai/get-response","ip":"::1","userAgent":"PostmanRuntime/7.46.0","contentLength":"61","sessionId":"none"},"pid":20472}
{"timestamp":"2025-09-14T13:29:28.277Z","level":"INFO","message":"Processing AI request","meta":{"requestId":"12361a9c-7371-40bc-8c94-fa6c74eea4b6","endpoint":"POST /ai/get-response"},"pid":20472}
{"timestamp":"2025-09-14T13:29:28.279Z","level":"INFO","message":"Processing code analysis","meta":{"requestId":"12361a9c-7371-40bc-8c94-fa6c74eea4b6","userIP":"::1","sessionId":"ac139a48-6cd7-46a9-8b3b-96feeb245e07","codeLength":41,"userAgent":"PostmanRuntime/7.46.0"},"pid":20472}
{"timestamp":"2025-09-14T13:29:28.282Z","level":"INFO","message":"AI operation: generateContent","meta":{"type":"generateContent","userIP":"::1","sessionId":"ac139a48-6cd7-46a9-8b3b-96feeb245e07","promptLength":41,"userAgent":"PostmanRuntime/7.46.0"},"pid":20472}
{"timestamp":"2025-09-14T13:29:41.103Z","level":"INFO","message":"AI operation: generateContent_success","meta":{"type":"generateContent_success","userIP":"::1","sessionId":"ac139a48-6cd7-46a9-8b3b-96feeb245e07","responseTime":12821,"responseLength":8226},"pid":20472}
{"timestamp":"2025-09-14T13:29:41.104Z","level":"INFO","message":"Database operation: save","meta":{"collection":"code_interactions","operation":"save","userIP":"::1","sessionId":"ac139a48-6cd7-46a9-8b3b-96feeb245e07","promptLength":41,"responseLength":8226,"responseTime":12821},"pid":20472}
{"timestamp":"2025-09-14T13:29:41.337Z","level":"INFO","message":"Database operation: save_success","meta":{"collection":"code_interactions","operation":"save_success","userIP":"::1","sessionId":"ac139a48-6cd7-46a9-8b3b-96feeb245e07","documentId":"68c6c345ad94d308c8f7b04b"},"pid":20472}
{"timestamp":"2025-09-14T13:29:41.341Z","level":"SUCCESS","message":"AI request completed successfully","meta":{"requestId":"12361a9c-7371-40bc-8c94-fa6c74eea4b6","userIP":"::1","sessionId":"ac139a48-6cd7-46a9-8b3b-96feeb245e07","responseLength":8226},"pid":20472}
{"timestamp":"2025-09-14T13:29:41.343Z","level":"INFO","message":"Request completed for POST /ai/get-response","meta":{"method":"POST","endpoint":"POST /ai/get-response","ip":"::1","statusCode":200,"duration":"13102ms","sessionId":"none"},"pid":20472}
{"timestamp":"2025-09-14T13:29:41.346Z","level":"INFO","message":"Request completed for POST /ai/get-response","meta":{"method":"POST","endpoint":"POST /ai/get-response","ip":"::1","statusCode":200,"duration":"13105ms","sessionId":"none"},"pid":20472}
{"timestamp":"2025-09-14T13:29:41.351Z","level":"INFO","message":"Request completed for POST /ai/get-response","meta":{"method":"POST","endpoint":"POST /ai/get-response","ip":"::1","statusCode":200,"duration":"13110ms","sessionId":"none"},"pid":20472}
{"timestamp":"2025-09-14T13:31:06.000Z","level":"INFO","message":"Incoming request to POST /ai/stream","meta":{"method":"POST","endpoint":"POST /ai/stream","ip":"::1","userAgent":"PostmanRuntime/7.46.0","contentLength":"117","sessionId":"none"},"pid":20472}
{"timestamp":"2025-09-14T13:31:06.007Z","level":"INFO","message":"Processing streaming AI request","meta":{"requestId":"de1c0487-cc2b-41c5-955e-1c0a7c5dc3a3","endpoint":"POST /ai/stream"},"pid":20472}
{"timestamp":"2025-09-14T13:31:06.012Z","level":"INFO","message":"Processing streaming code analysis","meta":{"requestId":"de1c0487-cc2b-41c5-955e-1c0a7c5dc3a3","userIP":"::1","sessionId":"ac139a48-6cd7-46a9-8b3b-96feeb245e07","codeLength":41,"userAgent":"PostmanRuntime/7.46.0"},"pid":20472}
{"timestamp":"2025-09-14T13:31:06.017Z","level":"DEBUG","message":"SSE headers set, starting stream","meta":{"requestId":"de1c0487-cc2b-41c5-955e-1c0a7c5dc3a3","sessionId":"ac139a48-6cd7-46a9-8b3b-96feeb245e07"},"pid":20472}
{"timestamp":"2025-09-14T13:31:06.023Z","level":"INFO","message":"AI operation: generateContentStream_start","meta":{"type":"generateContentStream_start","userIP":"::1","sessionId":"ac139a48-6cd7-46a9-8b3b-96feeb245e07","promptLength":41,"userAgent":"PostmanRuntime/7.46.0"},"pid":20472}
{"timestamp":"2025-09-14T13:31:08.254Z","level":"DEBUG","message":"Streaming chunk generated","meta":{"userIP":"::1","sessionId":"ac139a48-6cd7-46a9-8b3b-96feeb245e07","chunkNumber":1,"chunkSize":7,"totalSize":7},"pid":20472}
{"timestamp":"2025-09-14T13:31:08.257Z","level":"DEBUG","message":"Streaming chunk to client","meta":{"requestId":"de1c0487-cc2b-41c5-955e-1c0a7c5dc3a3","sessionId":"ac139a48-6cd7-46a9-8b3b-96feeb245e07","chunkNumber":1,"chunkType":"chunk"},"pid":20472}
{"timestamp":"2025-09-14T13:31:08.367Z","level":"DEBUG","message":"Streaming chunk generated","meta":{"userIP":"::1","sessionId":"ac139a48-6cd7-46a9-8b3b-96feeb245e07","chunkNumber":2,"chunkSize":56,"totalSize":63},"pid":20472}
{"timestamp":"2025-09-14T13:31:08.369Z","level":"DEBUG","message":"Streaming chunk to client","meta":{"requestId":"de1c0487-cc2b-41c5-955e-1c0a7c5dc3a3","sessionId":"ac139a48-6cd7-46a9-8b3b-96feeb245e07","chunkNumber":2,"chunkType":"chunk"},"pid":20472}
{"timestamp":"2025-09-14T13:31:08.505Z","level":"DEBUG","message":"Streaming chunk generated","meta":{"userIP":"::1","sessionId":"ac139a48-6cd7-46a9-8b3b-96feeb245e07","chunkNumber":3,"chunkSize":74,"totalSize":137},"pid":20472}
{"timestamp":"2025-09-14T13:31:08.508Z","level":"DEBUG","message":"Streaming chunk to client","meta":{"requestId":"de1c0487-cc2b-41c5-955e-1c0a7c5dc3a3","sessionId":"ac139a48-6cd7-46a9-8b3b-96feeb245e07","chunkNumber":3,"chunkType":"chunk"},"pid":20472}
{"timestamp":"2025-09-14T13:31:08.713Z","level":"DEBUG","message":"Streaming chunk generated","meta":{"userIP":"::1","sessionId":"ac139a48-6cd7-46a9-8b3b-96feeb245e07","chunkNumber":4,"chunkSize":164,"totalSize":301},"pid":20472}
{"timestamp":"2025-09-14T13:31:08.715Z","level":"DEBUG","message":"Streaming chunk to client","meta":{"requestId":"de1c0487-cc2b-41c5-955e-1c0a7c5dc3a3","sessionId":"ac139a48-6cd7-46a9-8b3b-96feeb245e07","chunkNumber":4,"chunkType":"chunk"},"pid":20472}
{"timestamp":"2025-09-14T13:31:08.875Z","level":"DEBUG","message":"Streaming chunk generated","meta":{"userIP":"::1","sessionId":"ac139a48-6cd7-46a9-8b3b-96feeb245e07","chunkNumber":5,"chunkSize":125,"totalSize":426},"pid":20472}
{"timestamp":"2025-09-14T13:31:08.876Z","level":"DEBUG","message":"Streaming chunk to client","meta":{"requestId":"de1c0487-cc2b-41c5-955e-1c0a7c5dc3a3","sessionId":"ac139a48-6cd7-46a9-8b3b-96feeb245e07","chunkNumber":5,"chunkType":"chunk"},"pid":20472}
{"timestamp":"2025-09-14T13:31:09.333Z","level":"DEBUG","message":"Streaming chunk generated","meta":{"userIP":"::1","sessionId":"ac139a48-6cd7-46a9-8b3b-96feeb245e07","chunkNumber":6,"chunkSize":202,"totalSize":628},"pid":20472}
{"timestamp":"2025-09-14T13:31:09.336Z","level":"DEBUG","message":"Streaming chunk to client","meta":{"requestId":"de1c0487-cc2b-41c5-955e-1c0a7c5dc3a3","sessionId":"ac139a48-6cd7-46a9-8b3b-96feeb245e07","chunkNumber":6,"chunkType":"chunk"},"pid":20472}
{"timestamp":"2025-09-14T13:31:09.490Z","level":"DEBUG","message":"Streaming chunk generated","meta":{"userIP":"::1","sessionId":"ac139a48-6cd7-46a9-8b3b-96feeb245e07","chunkNumber":7,"chunkSize":209,"totalSize":837},"pid":20472}
{"timestamp":"2025-09-14T13:31:09.494Z","level":"DEBUG","message":"Streaming chunk to client","meta":{"requestId":"de1c0487-cc2b-41c5-955e-1c0a7c5dc3a3","sessionId":"ac139a48-6cd7-46a9-8b3b-96feeb245e07","chunkNumber":7,"chunkType":"chunk"},"pid":20472}
{"timestamp":"2025-09-14T13:31:09.948Z","level":"DEBUG","message":"Streaming chunk generated","meta":{"userIP":"::1","sessionId":"ac139a48-6cd7-46a9-8b3b-96feeb245e07","chunkNumber":8,"chunkSize":306,"totalSize":1143},"pid":20472}
{"timestamp":"2025-09-14T13:31:09.950Z","level":"DEBUG","message":"Streaming chunk to client","meta":{"requestId":"de1c0487-cc2b-41c5-955e-1c0a7c5dc3a3","sessionId":"ac139a48-6cd7-46a9-8b3b-96feeb245e07","chunkNumber":8,"chunkType":"chunk"},"pid":20472}
{"timestamp":"2025-09-14T13:31:10.256Z","level":"DEBUG","message":"Streaming chunk generated","meta":{"userIP":"::1","sessionId":"ac139a48-6cd7-46a9-8b3b-96feeb245e07","chunkNumber":9,"chunkSize":264,"totalSize":1407},"pid":20472}
{"timestamp":"2025-09-14T13:31:10.259Z","level":"DEBUG","message":"Streaming chunk to client","meta":{"requestId":"de1c0487-cc2b-41c5-955e-1c0a7c5dc3a3","sessionId":"ac139a48-6cd7-46a9-8b3b-96feeb245e07","chunkNumber":9,"chunkType":"chunk"},"pid":20472}
{"timestamp":"2025-09-14T13:31:10.664Z","level":"DEBUG","message":"Streaming chunk generated","meta":{"userIP":"::1","sessionId":"ac139a48-6cd7-46a9-8b3b-96feeb245e07","chunkNumber":10,"chunkSize":282,"totalSize":1689},"pid":20472}
{"timestamp":"2025-09-14T13:31:10.666Z","level":"DEBUG","message":"Streaming chunk to client","meta":{"requestId":"de1c0487-cc2b-41c5-955e-1c0a7c5dc3a3","sessionId":"ac139a48-6cd7-46a9-8b3b-96feeb245e07","chunkNumber":10,"chunkType":"chunk"},"pid":20472}
{"timestamp":"2025-09-14T13:31:11.073Z","level":"DEBUG","message":"Streaming chunk generated","meta":{"userIP":"::1","sessionId":"ac139a48-6cd7-46a9-8b3b-96feeb245e07","chunkNumber":11,"chunkSize":325,"totalSize":2014},"pid":20472}
{"timestamp":"2025-09-14T13:31:11.075Z","level":"DEBUG","message":"Streaming chunk to client","meta":{"requestId":"de1c0487-cc2b-41c5-955e-1c0a7c5dc3a3","sessionId":"ac139a48-6cd7-46a9-8b3b-96feeb245e07","chunkNumber":11,"chunkType":"chunk"},"pid":20472}
{"timestamp":"2025-09-14T13:31:11.296Z","level":"DEBUG","message":"Streaming chunk generated","meta":{"userIP":"::1","sessionId":"ac139a48-6cd7-46a9-8b3b-96feeb245e07","chunkNumber":12,"chunkSize":295,"totalSize":2309},"pid":20472}
{"timestamp":"2025-09-14T13:31:11.298Z","level":"DEBUG","message":"Streaming chunk to client","meta":{"requestId":"de1c0487-cc2b-41c5-955e-1c0a7c5dc3a3","sessionId":"ac139a48-6cd7-46a9-8b3b-96feeb245e07","chunkNumber":12,"chunkType":"chunk"},"pid":20472}
{"timestamp":"2025-09-14T13:31:11.688Z","level":"DEBUG","message":"Streaming chunk generated","meta":{"userIP":"::1","sessionId":"ac139a48-6cd7-46a9-8b3b-96feeb245e07","chunkNumber":13,"chunkSize":212,"totalSize":2521},"pid":20472}
{"timestamp":"2025-09-14T13:31:11.691Z","level":"DEBUG","message":"Streaming chunk to client","meta":{"requestId":"de1c0487-cc2b-41c5-955e-1c0a7c5dc3a3","sessionId":"ac139a48-6cd7-46a9-8b3b-96feeb245e07","chunkNumber":13,"chunkType":"chunk"},"pid":20472}
{"timestamp":"2025-09-14T13:31:12.097Z","level":"DEBUG","message":"Streaming chunk generated","meta":{"userIP":"::1","sessionId":"ac139a48-6cd7-46a9-8b3b-96feeb245e07","chunkNumber":14,"chunkSize":259,"totalSize":2780},"pid":20472}
{"timestamp":"2025-09-14T13:31:12.098Z","level":"DEBUG","message":"Streaming chunk to client","meta":{"requestId":"de1c0487-cc2b-41c5-955e-1c0a7c5dc3a3","sessionId":"ac139a48-6cd7-46a9-8b3b-96feeb245e07","chunkNumber":14,"chunkType":"chunk"},"pid":20472}
{"timestamp":"2025-09-14T13:31:12.301Z","level":"DEBUG","message":"Streaming chunk generated","meta":{"userIP":"::1","sessionId":"ac139a48-6cd7-46a9-8b3b-96feeb245e07","chunkNumber":15,"chunkSize":293,"totalSize":3073},"pid":20472}
{"timestamp":"2025-09-14T13:31:12.303Z","level":"DEBUG","message":"Streaming chunk to client","meta":{"requestId":"de1c0487-cc2b-41c5-955e-1c0a7c5dc3a3","sessionId":"ac139a48-6cd7-46a9-8b3b-96feeb245e07","chunkNumber":15,"chunkType":"chunk"},"pid":20472}
{"timestamp":"2025-09-14T13:31:12.814Z","level":"DEBUG","message":"Streaming chunk generated","meta":{"userIP":"::1","sessionId":"ac139a48-6cd7-46a9-8b3b-96feeb245e07","chunkNumber":16,"chunkSize":340,"totalSize":3413},"pid":20472}
{"timestamp":"2025-09-14T13:31:12.816Z","level":"DEBUG","message":"Streaming chunk to client","meta":{"requestId":"de1c0487-cc2b-41c5-955e-1c0a7c5dc3a3","sessionId":"ac139a48-6cd7-46a9-8b3b-96feeb245e07","chunkNumber":16,"chunkType":"chunk"},"pid":20472}
{"timestamp":"2025-09-14T13:31:13.429Z","level":"DEBUG","message":"Streaming chunk generated","meta":{"userIP":"::1","sessionId":"ac139a48-6cd7-46a9-8b3b-96feeb245e07","chunkNumber":17,"chunkSize":318,"totalSize":3731},"pid":20472}
{"timestamp":"2025-09-14T13:31:13.432Z","level":"DEBUG","message":"Streaming chunk to client","meta":{"requestId":"de1c0487-cc2b-41c5-955e-1c0a7c5dc3a3","sessionId":"ac139a48-6cd7-46a9-8b3b-96feeb245e07","chunkNumber":17,"chunkType":"chunk"},"pid":20472}
{"timestamp":"2025-09-14T13:31:13.759Z","level":"DEBUG","message":"Streaming chunk generated","meta":{"userIP":"::1","sessionId":"ac139a48-6cd7-46a9-8b3b-96feeb245e07","chunkNumber":18,"chunkSize":324,"totalSize":4055},"pid":20472}
{"timestamp":"2025-09-14T13:31:13.762Z","level":"DEBUG","message":"Streaming chunk to client","meta":{"requestId":"de1c0487-cc2b-41c5-955e-1c0a7c5dc3a3","sessionId":"ac139a48-6cd7-46a9-8b3b-96feeb245e07","chunkNumber":18,"chunkType":"chunk"},"pid":20472}
{"timestamp":"2025-09-14T13:31:13.985Z","level":"DEBUG","message":"Streaming chunk generated","meta":{"userIP":"::1","sessionId":"ac139a48-6cd7-46a9-8b3b-96feeb245e07","chunkNumber":19,"chunkSize":288,"totalSize":4343},"pid":20472}
{"timestamp":"2025-09-14T13:31:13.986Z","level":"DEBUG","message":"Streaming chunk to client","meta":{"requestId":"de1c0487-cc2b-41c5-955e-1c0a7c5dc3a3","sessionId":"ac139a48-6cd7-46a9-8b3b-96feeb245e07","chunkNumber":19,"chunkType":"chunk"},"pid":20472}
{"timestamp":"2025-09-14T13:31:14.472Z","level":"DEBUG","message":"Streaming chunk generated","meta":{"userIP":"::1","sessionId":"ac139a48-6cd7-46a9-8b3b-96feeb245e07","chunkNumber":20,"chunkSize":305,"totalSize":4648},"pid":20472}
{"timestamp":"2025-09-14T13:31:14.476Z","level":"DEBUG","message":"Streaming chunk to client","meta":{"requestId":"de1c0487-cc2b-41c5-955e-1c0a7c5dc3a3","sessionId":"ac139a48-6cd7-46a9-8b3b-96feeb245e07","chunkNumber":20,"chunkType":"chunk"},"pid":20472}
{"timestamp":"2025-09-14T13:31:14.876Z","level":"DEBUG","message":"Streaming chunk generated","meta":{"userIP":"::1","sessionId":"ac139a48-6cd7-46a9-8b3b-96feeb245e07","chunkNumber":21,"chunkSize":352,"totalSize":5000},"pid":20472}
{"timestamp":"2025-09-14T13:31:14.878Z","level":"DEBUG","message":"Streaming chunk to client","meta":{"requestId":"de1c0487-cc2b-41c5-955e-1c0a7c5dc3a3","sessionId":"ac139a48-6cd7-46a9-8b3b-96feeb245e07","chunkNumber":21,"chunkType":"chunk"},"pid":20472}
{"timestamp":"2025-09-14T13:31:15.476Z","level":"DEBUG","message":"Streaming chunk generated","meta":{"userIP":"::1","sessionId":"ac139a48-6cd7-46a9-8b3b-96feeb245e07","chunkNumber":22,"chunkSize":239,"totalSize":5239},"pid":20472}
{"timestamp":"2025-09-14T13:31:15.478Z","level":"DEBUG","message":"Streaming chunk to client","meta":{"requestId":"de1c0487-cc2b-41c5-955e-1c0a7c5dc3a3","sessionId":"ac139a48-6cd7-46a9-8b3b-96feeb245e07","chunkNumber":22,"chunkType":"chunk"},"pid":20472}
{"timestamp":"2025-09-14T13:31:15.680Z","level":"DEBUG","message":"Streaming chunk generated","meta":{"userIP":"::1","sessionId":"ac139a48-6cd7-46a9-8b3b-96feeb245e07","chunkNumber":23,"chunkSize":243,"totalSize":5482},"pid":20472}
{"timestamp":"2025-09-14T13:31:15.682Z","level":"DEBUG","message":"Streaming chunk to client","meta":{"requestId":"de1c0487-cc2b-41c5-955e-1c0a7c5dc3a3","sessionId":"ac139a48-6cd7-46a9-8b3b-96feeb245e07","chunkNumber":23,"chunkType":"chunk"},"pid":20472}
{"timestamp":"2025-09-14T13:31:16.296Z","level":"DEBUG","message":"Streaming chunk generated","meta":{"userIP":"::1","sessionId":"ac139a48-6cd7-46a9-8b3b-96feeb245e07","chunkNumber":24,"chunkSize":282,"totalSize":5764},"pid":20472}
{"timestamp":"2025-09-14T13:31:16.298Z","level":"DEBUG","message":"Streaming chunk to client","meta":{"requestId":"de1c0487-cc2b-41c5-955e-1c0a7c5dc3a3","sessionId":"ac139a48-6cd7-46a9-8b3b-96feeb245e07","chunkNumber":24,"chunkType":"chunk"},"pid":20472}
{"timestamp":"2025-09-14T13:31:16.324Z","level":"DEBUG","message":"Streaming chunk generated","meta":{"userIP":"::1","sessionId":"ac139a48-6cd7-46a9-8b3b-96feeb245e07","chunkNumber":25,"chunkSize":141,"totalSize":5905},"pid":20472}
{"timestamp":"2025-09-14T13:31:16.326Z","level":"DEBUG","message":"Streaming chunk to client","meta":{"requestId":"de1c0487-cc2b-41c5-955e-1c0a7c5dc3a3","sessionId":"ac139a48-6cd7-46a9-8b3b-96feeb245e07","chunkNumber":25,"chunkType":"chunk"},"pid":20472}
{"timestamp":"2025-09-14T13:31:16.340Z","level":"INFO","message":"AI operation: generateContentStream_complete","meta":{"type":"generateContentStream_complete","userIP":"::1","sessionId":"ac139a48-6cd7-46a9-8b3b-96feeb245e07","responseTime":10317,"responseLength":5905,"chunksCount":25},"pid":20472}
{"timestamp":"2025-09-14T13:31:16.343Z","level":"INFO","message":"Database operation: save_streaming","meta":{"collection":"code_interactions","operation":"save_streaming","userIP":"::1","sessionId":"ac139a48-6cd7-46a9-8b3b-96feeb245e07","promptLength":41,"responseLength":5905,"responseTime":10317,"chunksCount":25},"pid":20472}
{"timestamp":"2025-09-14T13:31:16.586Z","level":"INFO","message":"Database operation: save_streaming_success","meta":{"collection":"code_interactions","operation":"save_streaming_success","userIP":"::1","sessionId":"ac139a48-6cd7-46a9-8b3b-96feeb245e07","documentId":"68c6c3a4ad94d308c8f7b04d"},"pid":20472}
{"timestamp":"2025-09-14T13:31:16.591Z","level":"DEBUG","message":"Streaming chunk to client","meta":{"requestId":"de1c0487-cc2b-41c5-955e-1c0a7c5dc3a3","sessionId":"ac139a48-6cd7-46a9-8b3b-96feeb245e07","chunkNumber":26,"chunkType":"complete"},"pid":20472}
{"timestamp":"2025-09-14T13:31:16.593Z","level":"INFO","message":"Stream completed","meta":{"requestId":"de1c0487-cc2b-41c5-955e-1c0a7c5dc3a3","sessionId":"ac139a48-6cd7-46a9-8b3b-96feeb245e07","chunksStreamed":26,"completionType":"complete"},"pid":20472}
{"timestamp":"2025-09-14T13:31:16.596Z","level":"SUCCESS","message":"Streaming request completed successfully","meta":{"requestId":"de1c0487-cc2b-41c5-955e-1c0a7c5dc3a3","sessionId":"ac139a48-6cd7-46a9-8b3b-96feeb245e07","totalChunks":26},"pid":20472}
{"timestamp":"2025-09-14T13:31:16.600Z","level":"INFO","message":"Request completed for POST /ai/stream","meta":{"method":"POST","endpoint":"POST /ai/stream","ip":"::1","statusCode":200,"duration":"10600ms","sessionId":"ac139a48-6cd7-46a9-8b3b-96feeb245e07"},"pid":20472}
{"timestamp":"2025-09-14T13:31:28.585Z","level":"INFO","message":"Incoming request to GET /admin/stats","meta":{"method":"GET","endpoint":"GET /admin/stats","ip":"::1","userAgent":"PostmanRuntime/7.46.0","contentLength":0,"sessionId":"none"},"pid":20472}
{"timestamp":"2025-09-14T13:31:28.587Z","level":"INFO","message":"Processing admin stats request","meta":{"requestId":"7b762858-2af3-455f-bf4c-c1619745d3a2","endpoint":"GET /admin/stats"},"pid":20472}
{"timestamp":"2025-09-14T13:31:28.588Z","level":"INFO","message":"Database operation: aggregate","meta":{"collection":"code_interactions","operation":"getStats"},"pid":20472}
{"timestamp":"2025-09-14T13:31:28.911Z","level":"SUCCESS","message":"Admin stats retrieved successfully","meta":{"requestId":"7b762858-2af3-455f-bf4c-c1619745d3a2","statsGenerated":{"totalInteractions":2,"uniqueUsers":1,"todayInteractions":2,"languageStatsCount":1}},"pid":20472}
{"timestamp":"2025-09-14T13:31:28.914Z","level":"INFO","message":"Request completed for GET /admin/stats","meta":{"method":"GET","endpoint":"GET /admin/stats","ip":"::1","statusCode":200,"duration":"329ms","sessionId":"none"},"pid":20472}
{"timestamp":"2025-09-14T13:31:28.916Z","level":"INFO","message":"Request completed for GET /admin/stats","meta":{"method":"GET","endpoint":"GET /admin/stats","ip":"::1","statusCode":200,"duration":"330ms","sessionId":"none"},"pid":20472}
{"timestamp":"2025-09-14T13:31:28.919Z","level":"INFO","message":"Request completed for GET /admin/stats","meta":{"method":"GET","endpoint":"GET /admin/stats","ip":"::1","statusCode":200,"duration":"334ms","sessionId":"none"},"pid":20472}
{"timestamp":"2025-09-14T13:31:44.960Z","level":"INFO","message":"Incoming request to GET /admin/interactions","meta":{"method":"GET","endpoint":"GET /admin/interactions","ip":"::1","userAgent":"PostmanRuntime/7.46.0","contentLength":0,"sessionId":"none"},"pid":20472}
{"timestamp":"2025-09-14T13:31:44.964Z","level":"INFO","message":"Processing admin recent interactions request","meta":{"requestId":"5e635b0e-a75a-4b43-aacd-562a361b5de2","endpoint":"GET /admin/interactions","query":{"page":"1","limit":"5"}},"pid":20472}
{"timestamp":"2025-09-14T13:31:44.965Z","level":"INFO","message":"Database operation: find","meta":{"collection":"code_interactions","operation":"getRecentInteractions","page":1,"limit":5,"skip":0},"pid":20472}
{"timestamp":"2025-09-14T13:31:45.151Z","level":"SUCCESS","message":"Recent interactions retrieved successfully","meta":{"requestId":"5e635b0e-a75a-4b43-aacd-562a361b5de2","interactionsFound":2,"page":1,"totalPages":1,"totalItems":2},"pid":20472}
{"timestamp":"2025-09-14T13:31:45.153Z","level":"INFO","message":"Request completed for GET /admin/interactions","meta":{"method":"GET","endpoint":"GET /admin/interactions","ip":"::1","statusCode":200,"duration":"193ms","sessionId":"none"},"pid":20472}
{"timestamp":"2025-09-14T13:31:45.154Z","level":"INFO","message":"Request completed for GET /admin/interactions","meta":{"method":"GET","endpoint":"GET /admin/interactions","ip":"::1","statusCode":200,"duration":"194ms","sessionId":"none"},"pid":20472}
{"timestamp":"2025-09-14T13:31:45.155Z","level":"INFO","message":"Request completed for GET /admin/interactions","meta":{"method":"GET","endpoint":"GET /admin/interactions","ip":"::1","statusCode":200,"duration":"195ms","sessionId":"none"},"pid":20472}
{"timestamp":"2025-09-14T13:32:00.393Z","level":"INFO","message":"Incoming request to GET /routes/admin/interactions/ip/192.168.1.100","meta":{"method":"GET","endpoint":"GET /routes/admin/interactions/ip/192.168.1.100","ip":"::1","userAgent":"PostmanRuntime/7.46.0","contentLength":0,"sessionId":"none"},"pid":20472}
{"timestamp":"2025-09-14T13:32:00.395Z","level":"INFO","message":"Request completed for GET /routes/admin/interactions/ip/192.168.1.100","meta":{"method":"GET","endpoint":"GET /routes/admin/interactions/ip/192.168.1.100","ip":"::1","statusCode":404,"duration":"2ms","sessionId":"none"},"pid":20472}
{"timestamp":"2025-09-14T13:32:14.768Z","level":"INFO","message":"Incoming request to GET /routes/admin/interactions/ip/192.168.1.100","meta":{"method":"GET","endpoint":"GET /routes/admin/interactions/ip/192.168.1.100","ip":"::1","userAgent":"PostmanRuntime/7.46.0","contentLength":0,"sessionId":"none"},"pid":20472}
{"timestamp":"2025-09-14T13:32:14.771Z","level":"INFO","message":"Request completed for GET /routes/admin/interactions/ip/192.168.1.100","meta":{"method":"GET","endpoint":"GET /routes/admin/interactions/ip/192.168.1.100","ip":"::1","statusCode":404,"duration":"3ms","sessionId":"none"},"pid":20472}
{"timestamp":"2025-09-14T13:32:47.216Z","level":"INFO","message":"Incoming request to GET /routes/admin/interactions/ip/::1","meta":{"method":"GET","endpoint":"GET /routes/admin/interactions/ip/::1","ip":"::1","userAgent":"PostmanRuntime/7.46.0","contentLength":0,"sessionId":"none"},"pid":20472}
{"timestamp":"2025-09-14T13:32:47.219Z","level":"INFO","message":"Request completed for GET /routes/admin/interactions/ip/::1","meta":{"method":"GET","endpoint":"GET /routes/admin/interactions/ip/::1","ip":"::1","statusCode":404,"duration":"3ms","sessionId":"none"},"pid":20472}
{"timestamp":"2025-09-14T13:32:48.780Z","level":"INFO","message":"Incoming request to GET /routes/admin/interactions/ip/::1","meta":{"method":"GET","endpoint":"GET /routes/admin/interactions/ip/::1","ip":"::1","userAgent":"PostmanRuntime/7.46.0","contentLength":0,"sessionId":"none"},"pid":20472}
{"timestamp":"2025-09-14T13:32:48.782Z","level":"INFO","message":"Request completed for GET /routes/admin/interactions/ip/::1","meta":{"method":"GET","endpoint":"GET /routes/admin/interactions/ip/::1","ip":"::1","statusCode":404,"duration":"2ms","sessionId":"none"},"pid":20472}
{"timestamp":"2025-09-14T13:32:54.222Z","level":"INFO","message":"Incoming request to GET /admin/interactions/ip/::1","meta":{"method":"GET","endpoint":"GET /admin/interactions/ip/::1","ip":"::1","userAgent":"PostmanRuntime/7.46.0","contentLength":0,"sessionId":"none"},"pid":20472}
{"timestamp":"2025-09-14T13:32:54.224Z","level":"INFO","message":"Processing admin interactions by IP request","meta":{"requestId":"a4d3e0d5-ef21-44e5-8b13-64925a936517","endpoint":"GET /admin/interactions/ip/:ip","targetIP":"::1","query":{"page":"1","limit":"10"}},"pid":20472}
{"timestamp":"2025-09-14T13:32:54.225Z","level":"INFO","message":"Database operation: find","meta":{"collection":"code_interactions","operation":"getInteractionsByIP","targetIP":"::1","page":1,"limit":10,"skip":0},"pid":20472}
{"timestamp":"2025-09-14T13:32:54.448Z","level":"SUCCESS","message":"Interactions by IP retrieved successfully","meta":{"requestId":"a4d3e0d5-ef21-44e5-8b13-64925a936517","targetIP":"::1","interactionsFound":2,"totalForIP":2,"page":1},"pid":20472}
{"timestamp":"2025-09-14T13:32:54.451Z","level":"INFO","message":"Request completed for GET /admin/interactions/ip/::1","meta":{"method":"GET","endpoint":"GET /admin/interactions/ip/::1","ip":"::1","statusCode":200,"duration":"229ms","sessionId":"none"},"pid":20472}
{"timestamp":"2025-09-14T13:32:54.453Z","level":"INFO","message":"Request completed for GET /admin/interactions/ip/::1","meta":{"method":"GET","endpoint":"GET /admin/interactions/ip/::1","ip":"::1","statusCode":200,"duration":"231ms","sessionId":"none"},"pid":20472}
{"timestamp":"2025-09-14T13:32:54.456Z","level":"INFO","message":"Request completed for GET /admin/interactions/ip/::1","meta":{"method":"GET","endpoint":"GET /admin/interactions/ip/::1","ip":"::1","statusCode":200,"duration":"234ms","sessionId":"none"},"pid":20472}
